<?xml version="1.0" encoding="UTF-8"?>
<testng-results ignored="0" total="2" passed="2" failed="0" skipped="0">
  <reporter-output>
  </reporter-output>
  <suite started-at="2023-03-07T10:36:14 GMT" name="Suite" finished-at="2023-03-07T10:36:38 GMT" duration-ms="24543">
    <groups>
    </groups>
    <test started-at="2023-03-07T10:36:14 GMT" name="Test" finished-at="2023-03-07T10:36:38 GMT" duration-ms="24543">
      <class name="com.ibm.tests.Test2">
        <test-method is-config="true" signature="setUp()[pri:0, instance:com.ibm.tests.Test2@1a942c18]" started-at="2023-03-07T10:36:14 GMT" name="setUp" finished-at="2023-03-07T10:36:34 GMT" duration-ms="19679" status="PASS">
          <reporter-output>
          </reporter-output>
        </test-method> <!-- setUp -->
        <test-method signature="verifyTitle()[pri:0, instance:com.ibm.tests.Test2@1a942c18]" started-at="2023-03-07T10:36:34 GMT" name="verifyTitle" finished-at="2023-03-07T10:36:38 GMT" duration-ms="3826" status="PASS">
          <reporter-output>
          </reporter-output>
        </test-method> <!-- verifyTitle -->
        <test-method is-config="true" signature="tearDown()[pri:0, instance:com.ibm.tests.Test2@1a942c18]" started-at="2023-03-07T10:36:38 GMT" name="tearDown" finished-at="2023-03-07T10:36:38 GMT" duration-ms="899" status="PASS">
          <reporter-output>
          </reporter-output>
        </test-method> <!-- tearDown -->
      </class> <!-- com.ibm.tests.Test2 -->
      <class name="com.ibm.tests.Test1">
        <test-method is-config="true" signature="setUp()[pri:0, instance:com.ibm.tests.Test1@55a147cc]" started-at="2023-03-07T10:36:14 GMT" name="setUp" finished-at="2023-03-07T10:36:33 GMT" duration-ms="19130" status="PASS">
          <reporter-output>
          </reporter-output>
        </test-method> <!-- setUp -->
        <test-method signature="loginToApplication()[pri:0, instance:com.ibm.tests.Test1@55a147cc]" started-at="2023-03-07T10:36:33 GMT" name="loginToApplication" finished-at="2023-03-07T10:36:36 GMT" duration-ms="3291" status="PASS">
          <reporter-output>
          </reporter-output>
        </test-method> <!-- loginToApplication -->
        <test-method is-config="true" signature="tearDown()[pri:0, instance:com.ibm.tests.Test1@55a147cc]" started-at="2023-03-07T10:36:36 GMT" name="tearDown" finished-at="2023-03-07T10:36:38 GMT" duration-ms="1944" status="PASS">
          <reporter-output>
          </reporter-output>
        </test-method> <!-- tearDown -->
      </class> <!-- com.ibm.tests.Test1 -->
    </test> <!-- Test -->
  </suite> <!-- Suite -->
</testng-results>
